[ 2017-02-16T15:18:07+08:00 ] 127.0.0.1 /PHPworkplace/hwsys/api/login
ERR: 非法操作:login

[ 2017-02-16T15:18:16+08:00 ] 127.0.0.1 /PHPworkplace/hwsys/api/login
ERR: 非法操作:login

[ 2017-02-16T22:48:57+08:00 ] 127.0.0.1 /PHPworkplace/hwsys/api/login
INFO: [ app_begin ] --START--
INFO: Run Behavior\ReadHtmlCacheBehavior [ RunTime:0.001998s ]
INFO: [ app_begin ] --END-- [ RunTime:0.003423s ]
ERR: 非法操作:login

[ 2017-02-16T22:49:17+08:00 ] 127.0.0.1 /PHPworkplace/hwsys/api/login.json
INFO: [ app_begin ] --START--
INFO: Run Behavior\ReadHtmlCacheBehavior [ RunTime:0.002192s ]
INFO: [ app_begin ] --END-- [ RunTime:0.003718s ]
INFO: [ app_end ] --START--
INFO: Run Behavior\ShowPageTraceBehavior [ RunTime:0.002414s ]
INFO: [ app_end ] --END-- [ RunTime:0.002531s ]

[ 2017-02-16T22:49:51+08:00 ] 127.0.0.1 /PHPworkplace/hwsys/api/login.json
INFO: [ app_begin ] --START--
INFO: Run Behavior\ReadHtmlCacheBehavior [ RunTime:0.002397s ]
INFO: [ app_begin ] --END-- [ RunTime:0.004258s ]
INFO: [ app_end ] --START--
INFO: Run Behavior\ShowPageTraceBehavior [ RunTime:0.002590s ]
INFO: [ app_end ] --END-- [ RunTime:0.002720s ]

[ 2017-02-16T22:50:45+08:00 ] 127.0.0.1 /PHPworkplace/hwsys/api/login.json
INFO: [ app_begin ] --START--
INFO: Run Behavior\ReadHtmlCacheBehavior [ RunTime:0.001817s ]
INFO: [ app_begin ] --END-- [ RunTime:0.003198s ]

[ 2017-02-16T22:51:08+08:00 ] 127.0.0.1 /PHPworkplace/hwsys/api/login.json
INFO: [ app_begin ] --START--
INFO: Run Behavior\ReadHtmlCacheBehavior [ RunTime:0.002491s ]
INFO: [ app_begin ] --END-- [ RunTime:0.003951s ]
NOTIC: [8] Trying to get property of non-object D:\my-programs\xampp\xampp\htdocs\PHPworkplace\hwsys\api\Application\Home\Controller\AccessController.class.php 第 17 行.
NOTIC: [8] Trying to get property of non-object D:\my-programs\xampp\xampp\htdocs\PHPworkplace\hwsys\api\Application\Home\Controller\AccessController.class.php 第 17 行.

[ 2017-02-16T22:51:14+08:00 ] 127.0.0.1 /PHPworkplace/hwsys/api/login.json
INFO: [ app_begin ] --START--
INFO: Run Behavior\ReadHtmlCacheBehavior [ RunTime:0.003000s ]
INFO: [ app_begin ] --END-- [ RunTime:0.006164s ]
NOTIC: [8] Trying to get property of non-object D:\my-programs\xampp\xampp\htdocs\PHPworkplace\hwsys\api\Application\Home\Controller\AccessController.class.php 第 17 行.
NOTIC: [8] Trying to get property of non-object D:\my-programs\xampp\xampp\htdocs\PHPworkplace\hwsys\api\Application\Home\Controller\AccessController.class.php 第 17 行.

[ 2017-02-16T22:51:47+08:00 ] 127.0.0.1 /PHPworkplace/hwsys/api/login.json
INFO: [ app_begin ] --START--
INFO: Run Behavior\ReadHtmlCacheBehavior [ RunTime:0.002802s ]
INFO: [ app_begin ] --END-- [ RunTime:0.005017s ]
NOTIC: [8] Trying to get property of non-object D:\my-programs\xampp\xampp\htdocs\PHPworkplace\hwsys\api\Application\Home\Controller\AccessController.class.php 第 17 行.
NOTIC: [8] Trying to get property of non-object D:\my-programs\xampp\xampp\htdocs\PHPworkplace\hwsys\api\Application\Home\Controller\AccessController.class.php 第 17 行.

[ 2017-02-16T22:52:16+08:00 ] 127.0.0.1 /PHPworkplace/hwsys/api/login.json
INFO: [ app_begin ] --START--
INFO: Run Behavior\ReadHtmlCacheBehavior [ RunTime:0.002453s ]
INFO: [ app_begin ] --END-- [ RunTime:0.003987s ]
NOTIC: [8] Trying to get property of non-object D:\my-programs\xampp\xampp\htdocs\PHPworkplace\hwsys\api\Application\Home\Controller\AccessController.class.php 第 17 行.
NOTIC: [8] Trying to get property of non-object D:\my-programs\xampp\xampp\htdocs\PHPworkplace\hwsys\api\Application\Home\Controller\AccessController.class.php 第 17 行.

[ 2017-02-16T22:52:54+08:00 ] 127.0.0.1 /PHPworkplace/hwsys/api/login.json
INFO: [ app_begin ] --START--
INFO: Run Behavior\ReadHtmlCacheBehavior [ RunTime:0.001614s ]
INFO: [ app_begin ] --END-- [ RunTime:0.002870s ]

[ 2017-02-16T22:52:59+08:00 ] 127.0.0.1 /PHPworkplace/hwsys/api/login.json
INFO: [ app_begin ] --START--
INFO: Run Behavior\ReadHtmlCacheBehavior [ RunTime:0.001537s ]
INFO: [ app_begin ] --END-- [ RunTime:0.002892s ]

